# JRE version: OpenJDK Runtime Environment (8.0_152-b01) (build 1.8.0_152-release-915-b01)
# Java VM: OpenJDK 64-Bit Server VM (25.152-b01 mixed mode windows-amd64 compressed oops)
Heap:
 PSYoungGen      total 198144K, used 11980K [0x00000000e0000000, 0x00000000f0000000, 0x0000000100000000)
  eden space 178176K, 6% used [0x00000000e0000000,0x00000000e0bb31a8,0x00000000eae00000)
  from space 19968K, 0% used [0x00000000eae00000,0x00000000eae00000,0x00000000ec180000)
  to   space 19968K, 0% used [0x00000000eec80000,0x00000000eec80000,0x00000000f0000000)
 ParOldGen       total 130048K, used 31537K [0x00000000a0000000, 0x00000000a7f00000, 0x00000000e0000000)
  object space 130048K, 24% used [0x00000000a0000000,0x00000000a1ecc548,0x00000000a7f00000)
 Metaspace       used 57775K, capacity 59908K, committed 60248K, reserved 1103872K
  class space    used 7728K, capacity 8225K, committed 8320K, reserved 1048576K
GC Heap History (10 events):
Event: 15.915 GC heap before
{Heap before GC invocations=10 (full 2):
 PSYoungGen      total 157184K, used 9766K [0x00000000e0000000, 0x00000000ec180000, 0x0000000100000000)
  eden space 146944K, 0% used [0x00000000e0000000,0x00000000e0000000,0x00000000e8f80000)
  from space 10240K, 95% used [0x00000000e9a80000,0x00000000ea409968,0x00000000ea480000)
  to   space 11264K, 0% used [0x00000000e8f80000,0x00000000e8f80000,0x00000000e9a80000)
 ParOldGen       total 52224K, used 7682K [0x00000000a0000000, 0x00000000a3300000, 0x00000000e0000000)
  object space 52224K, 14% used [0x00000000a0000000,0x00000000a0780b70,0x00000000a3300000)
 Metaspace       used 34432K, capacity 35166K, committed 35416K, reserved 1079296K
  class space    used 4670K, capacity 4925K, committed 4992K, reserved 1048576K
Event: 16.060 GC heap after
Heap after GC invocations=10 (full 2):
 PSYoungGen      total 157184K, used 0K [0x00000000e0000000, 0x00000000ec180000, 0x0000000100000000)
  eden space 146944K, 0% used [0x00000000e0000000,0x00000000e0000000,0x00000000e8f80000)
  from space 10240K, 0% used [0x00000000e9a80000,0x00000000e9a80000,0x00000000ea480000)
  to   space 11264K, 0% used [0x00000000e8f80000,0x00000000e8f80000,0x00000000e9a80000)
 ParOldGen       total 82432K, used 15946K [0x00000000a0000000, 0x00000000a5080000, 0x00000000e0000000)
  object space 82432K, 19% used [0x00000000a0000000,0x00000000a0f92bc8,0x00000000a5080000)
 Metaspace       used 34432K, capacity 35166K, committed 35416K, reserved 1079296K
  class space    used 4670K, capacity 4925K, committed 4992K, reserved 1048576K
}
Event: 23.204 GC heap before
{Heap before GC invocations=11 (full 2):
 PSYoungGen      total 157184K, used 146944K [0x00000000e0000000, 0x00000000ec180000, 0x0000000100000000)
  eden space 146944K, 100% used [0x00000000e0000000,0x00000000e8f80000,0x00000000e8f80000)
  from space 10240K, 0% used [0x00000000e9a80000,0x00000000e9a80000,0x00000000ea480000)
  to   space 11264K, 0% used [0x00000000e8f80000,0x00000000e8f80000,0x00000000e9a80000)
 ParOldGen       total 82432K, used 15946K [0x00000000a0000000, 0x00000000a5080000, 0x00000000e0000000)
  object space 82432K, 19% used [0x00000000a0000000,0x00000000a0f92bc8,0x00000000a5080000)
 Metaspace       used 46103K, capacity 47114K, committed 47448K, reserved 1089536K
  class space    used 6170K, capacity 6512K, committed 6528K, reserved 1048576K
Event: 23.249 GC heap after
Heap after GC invocations=11 (full 2):
 PSYoungGen      total 158208K, used 11237K [0x00000000e0000000, 0x00000000ecf00000, 0x0000000100000000)
  eden space 146944K, 0% used [0x00000000e0000000,0x00000000e0000000,0x00000000e8f80000)
  from space 11264K, 99% used [0x00000000e8f80000,0x00000000e9a79790,0x00000000e9a80000)
  to   space 13824K, 0% used [0x00000000ec180000,0x00000000ec180000,0x00000000ecf00000)
 ParOldGen       total 82432K, used 19687K [0x00000000a0000000, 0x00000000a5080000, 0x00000000e0000000)
  object space 82432K, 23% used [0x00000000a0000000,0x00000000a1339ec0,0x00000000a5080000)
 Metaspace       used 46103K, capacity 47114K, committed 47448K, reserved 1089536K
  class space    used 6170K, capacity 6512K, committed 6528K, reserved 1048576K
}
Event: 28.008 GC heap before
{Heap before GC invocations=12 (full 2):
 PSYoungGen      total 158208K, used 158181K [0x00000000e0000000, 0x00000000ecf00000, 0x0000000100000000)
  eden space 146944K, 100% used [0x00000000e0000000,0x00000000e8f80000,0x00000000e8f80000)
  from space 11264K, 99% used [0x00000000e8f80000,0x00000000e9a79790,0x00000000e9a80000)
  to   space 13824K, 0% used [0x00000000ec180000,0x00000000ec180000,0x00000000ecf00000)
 ParOldGen       total 82432K, used 19687K [0x00000000a0000000, 0x00000000a5080000, 0x00000000e0000000)
  object space 82432K, 23% used [0x00000000a0000000,0x00000000a1339ec0,0x00000000a5080000)
 Metaspace       used 53791K, capacity 55526K, committed 55896K, reserved 1097728K
  class space    used 7270K, capacity 7686K, committed 7808K, reserved 1048576K
Event: 28.067 GC heap after
Heap after GC invocations=12 (full 2):
 PSYoungGen      total 192000K, used 13806K [0x00000000e0000000, 0x00000000edb80000, 0x0000000100000000)
  eden space 178176K, 0% used [0x00000000e0000000,0x00000000e0000000,0x00000000eae00000)
  from space 13824K, 99% used [0x00000000ec180000,0x00000000ecefbbd8,0x00000000ecf00000)
  to   space 19968K, 0% used [0x00000000eae00000,0x00000000eae00000,0x00000000ec180000)
 ParOldGen       total 82432K, used 31767K [0x00000000a0000000, 0x00000000a5080000, 0x00000000e0000000)
  object space 82432K, 38% used [0x00000000a0000000,0x00000000a1f05fc8,0x00000000a5080000)
 Metaspace       used 53791K, capacity 55526K, committed 55896K, reserved 1097728K
  class space    used 7270K, capacity 7686K, committed 7808K, reserved 1048576K
}
Event: 34.694 GC heap before
{Heap before GC invocations=13 (full 2):
 PSYoungGen      total 192000K, used 88896K [0x00000000e0000000, 0x00000000edb80000, 0x0000000100000000)
  eden space 178176K, 42% used [0x00000000e0000000,0x00000000e4954770,0x00000000eae00000)
  from space 13824K, 99% used [0x00000000ec180000,0x00000000ecefbbd8,0x00000000ecf00000)
  to   space 19968K, 0% used [0x00000000eae00000,0x00000000eae00000,0x00000000ec180000)
 ParOldGen       total 82432K, used 31767K [0x00000000a0000000, 0x00000000a5080000, 0x00000000e0000000)
  object space 82432K, 38% used [0x00000000a0000000,0x00000000a1f05fc8,0x00000000a5080000)
 Metaspace       used 57007K, capacity 58906K, committed 59028K, reserved 1099776K
  class space    used 7633K, capacity 8106K, committed 8192K, reserved 1048576K
Event: 34.748 GC heap after
Heap after GC invocations=13 (full 2):
 PSYoungGen      total 198144K, used 4725K [0x00000000e0000000, 0x00000000f0000000, 0x0000000100000000)
  eden space 178176K, 0% used [0x00000000e0000000,0x00000000e0000000,0x00000000eae00000)
  from space 19968K, 23% used [0x00000000eae00000,0x00000000eb29d600,0x00000000ec180000)
  to   space 19968K, 0% used [0x00000000eec80000,0x00000000eec80000,0x00000000f0000000)
 ParOldGen       total 82432K, used 44984K [0x00000000a0000000, 0x00000000a5080000, 0x00000000e0000000)
  object space 82432K, 54% used [0x00000000a0000000,0x00000000a2bee210,0x00000000a5080000)
 Metaspace       used 57007K, capacity 58906K, committed 59028K, reserved 1099776K
  class space    used 7633K, capacity 8106K, committed 8192K, reserved 1048576K
}
Event: 34.748 GC heap before
{Heap before GC invocations=14 (full 3):
 PSYoungGen      total 198144K, used 4725K [0x00000000e0000000, 0x00000000f0000000, 0x0000000100000000)
  eden space 178176K, 0% used [0x00000000e0000000,0x00000000e0000000,0x00000000eae00000)
  from space 19968K, 23% used [0x00000000eae00000,0x00000000eb29d600,0x00000000ec180000)
  to   space 19968K, 0% used [0x00000000eec80000,0x00000000eec80000,0x00000000f0000000)
 ParOldGen       total 82432K, used 44984K [0x00000000a0000000, 0x00000000a5080000, 0x00000000e0000000)
  object space 82432K, 54% used [0x00000000a0000000,0x00000000a2bee210,0x00000000a5080000)
 Metaspace       used 57007K, capacity 58906K, committed 59028K, reserved 1099776K
  class space    used 7633K, capacity 8106K, committed 8192K, reserved 1048576K
Event: 35.275 GC heap after
Heap after GC invocations=14 (full 3):
 PSYoungGen      total 198144K, used 0K [0x00000000e0000000, 0x00000000f0000000, 0x0000000100000000)
  eden space 178176K, 0% used [0x00000000e0000000,0x00000000e0000000,0x00000000eae00000)
  from space 19968K, 0% used [0x00000000eae00000,0x00000000eae00000,0x00000000ec180000)
  to   space 19968K, 0% used [0x00000000eec80000,0x00000000eec80000,0x00000000f0000000)
 ParOldGen       total 130048K, used 31537K [0x00000000a0000000, 0x00000000a7f00000, 0x00000000e0000000)
  object space 130048K, 24% used [0x00000000a0000000,0x00000000a1ecc548,0x00000000a7f00000)
 Metaspace       used 57007K, capacity 58906K, committed 59028K, reserved 1099776K
  class space    used 7633K, capacity 8106K, committed 8192K, reserved 1048576K
}

