# JRE version: OpenJDK Runtime Environment (8.0_152-b01) (build 1.8.0_152-release-915-b01)
# Java VM: OpenJDK 64-Bit Server VM (25.152-b01 mixed mode windows-amd64 compressed oops)
Heap:
 PSYoungGen      total 144896K, used 31755K [0x00000000e0000000, 0x00000000ebb80000, 0x0000000100000000)
  eden space 135168K, 23% used [0x00000000e0000000,0x00000000e1f02f78,0x00000000e8400000)
  from space 9728K, 0% used [0x00000000e8f00000,0x00000000e8f00000,0x00000000e9880000)
  to   space 11264K, 0% used [0x00000000e8400000,0x00000000e8400000,0x00000000e8f00000)
 ParOldGen       total 84480K, used 15953K [0x00000000a0000000, 0x00000000a5280000, 0x00000000e0000000)
  object space 84480K, 18% used [0x00000000a0000000,0x00000000a0f94618,0x00000000a5280000)
 Metaspace       used 37517K, capacity 38380K, committed 38616K, reserved 1083392K
  class space    used 5054K, capacity 5336K, committed 5376K, reserved 1048576K
GC Heap History (10 events):
Event: 8.334 GC heap before
{Heap before GC invocations=6 (full 1):
 PSYoungGen      total 61952K, used 4584K [0x00000000e0000000, 0x00000000e8200000, 0x0000000100000000)
  eden space 57344K, 0% used [0x00000000e0000000,0x00000000e0000000,0x00000000e3800000)
  from space 4608K, 99% used [0x00000000e3800000,0x00000000e3c7a050,0x00000000e3c80000)
  to   space 9216K, 0% used [0x00000000e7900000,0x00000000e7900000,0x00000000e8200000)
 ParOldGen       total 76800K, used 8701K [0x00000000a0000000, 0x00000000a4b00000, 0x00000000e0000000)
  object space 76800K, 11% used [0x00000000a0000000,0x00000000a087f660,0x00000000a4b00000)
 Metaspace       used 20599K, capacity 21102K, committed 21248K, reserved 1067008K
  class space    used 2846K, capacity 3010K, committed 3072K, reserved 1048576K
Event: 8.478 GC heap after
Heap after GC invocations=6 (full 1):
 PSYoungGen      total 61952K, used 0K [0x00000000e0000000, 0x00000000e8200000, 0x0000000100000000)
  eden space 57344K, 0% used [0x00000000e0000000,0x00000000e0000000,0x00000000e3800000)
  from space 4608K, 0% used [0x00000000e3800000,0x00000000e3800000,0x00000000e3c80000)
  to   space 9216K, 0% used [0x00000000e7900000,0x00000000e7900000,0x00000000e8200000)
 ParOldGen       total 52736K, used 7511K [0x00000000a0000000, 0x00000000a3380000, 0x00000000e0000000)
  object space 52736K, 14% used [0x00000000a0000000,0x00000000a0755fe0,0x00000000a3380000)
 Metaspace       used 20599K, capacity 21102K, committed 21248K, reserved 1067008K
  class space    used 2846K, capacity 3010K, committed 3072K, reserved 1048576K
}
Event: 9.955 GC heap before
{Heap before GC invocations=7 (full 1):
 PSYoungGen      total 61952K, used 57344K [0x00000000e0000000, 0x00000000e8200000, 0x0000000100000000)
  eden space 57344K, 100% used [0x00000000e0000000,0x00000000e3800000,0x00000000e3800000)
  from space 4608K, 0% used [0x00000000e3800000,0x00000000e3800000,0x00000000e3c80000)
  to   space 9216K, 0% used [0x00000000e7900000,0x00000000e7900000,0x00000000e8200000)
 ParOldGen       total 52736K, used 7511K [0x00000000a0000000, 0x00000000a3380000, 0x00000000e0000000)
  object space 52736K, 14% used [0x00000000a0000000,0x00000000a0755fe0,0x00000000a3380000)
 Metaspace       used 24896K, capacity 25504K, committed 25728K, reserved 1071104K
  class space    used 3453K, capacity 3637K, committed 3712K, reserved 1048576K
Event: 9.982 GC heap after
Heap after GC invocations=7 (full 1):
 PSYoungGen      total 96768K, used 6732K [0x00000000e0000000, 0x00000000e8000000, 0x0000000100000000)
  eden space 89600K, 0% used [0x00000000e0000000,0x00000000e0000000,0x00000000e5780000)
  from space 7168K, 93% used [0x00000000e7900000,0x00000000e7f93140,0x00000000e8000000)
  to   space 9216K, 0% used [0x00000000e6e00000,0x00000000e6e00000,0x00000000e7700000)
 ParOldGen       total 52736K, used 7519K [0x00000000a0000000, 0x00000000a3380000, 0x00000000e0000000)
  object space 52736K, 14% used [0x00000000a0000000,0x00000000a0757fe0,0x00000000a3380000)
 Metaspace       used 24896K, capacity 25504K, committed 25728K, reserved 1071104K
  class space    used 3453K, capacity 3637K, committed 3712K, reserved 1048576K
}
Event: 12.424 GC heap before
{Heap before GC invocations=8 (full 1):
 PSYoungGen      total 96768K, used 96332K [0x00000000e0000000, 0x00000000e8000000, 0x0000000100000000)
  eden space 89600K, 100% used [0x00000000e0000000,0x00000000e5780000,0x00000000e5780000)
  from space 7168K, 93% used [0x00000000e7900000,0x00000000e7f93140,0x00000000e8000000)
  to   space 9216K, 0% used [0x00000000e6e00000,0x00000000e6e00000,0x00000000e7700000)
 ParOldGen       total 52736K, used 7519K [0x00000000a0000000, 0x00000000a3380000, 0x00000000e0000000)
  object space 52736K, 14% used [0x00000000a0000000,0x00000000a0757fe0,0x00000000a3380000)
 Metaspace       used 30341K, capacity 30960K, committed 31232K, reserved 1077248K
  class space    used 4124K, capacity 4323K, committed 4352K, reserved 1048576K
Event: 12.449 GC heap after
Heap after GC invocations=8 (full 1):
 PSYoungGen      total 121856K, used 8738K [0x00000000e0000000, 0x00000000e9880000, 0x0000000100000000)
  eden space 112640K, 0% used [0x00000000e0000000,0x00000000e0000000,0x00000000e6e00000)
  from space 9216K, 94% used [0x00000000e6e00000,0x00000000e76888e8,0x00000000e7700000)
  to   space 9728K, 0% used [0x00000000e8f00000,0x00000000e8f00000,0x00000000e9880000)
 ParOldGen       total 52736K, used 7527K [0x00000000a0000000, 0x00000000a3380000, 0x00000000e0000000)
  object space 52736K, 14% used [0x00000000a0000000,0x00000000a0759fe0,0x00000000a3380000)
 Metaspace       used 30341K, capacity 30960K, committed 31232K, reserved 1077248K
  class space    used 4124K, capacity 4323K, committed 4352K, reserved 1048576K
}
Event: 13.967 GC heap before
{Heap before GC invocations=9 (full 1):
 PSYoungGen      total 121856K, used 51423K [0x00000000e0000000, 0x00000000e9880000, 0x0000000100000000)
  eden space 112640K, 37% used [0x00000000e0000000,0x00000000e29af420,0x00000000e6e00000)
  from space 9216K, 94% used [0x00000000e6e00000,0x00000000e76888e8,0x00000000e7700000)
  to   space 9728K, 0% used [0x00000000e8f00000,0x00000000e8f00000,0x00000000e9880000)
 ParOldGen       total 52736K, used 7527K [0x00000000a0000000, 0x00000000a3380000, 0x00000000e0000000)
  object space 52736K, 14% used [0x00000000a0000000,0x00000000a0759fe0,0x00000000a3380000)
 Metaspace       used 34427K, capacity 35166K, committed 35416K, reserved 1079296K
  class space    used 4674K, capacity 4925K, committed 4992K, reserved 1048576K
Event: 13.988 GC heap after
Heap after GC invocations=9 (full 1):
 PSYoungGen      total 144896K, used 9718K [0x00000000e0000000, 0x00000000ebb80000, 0x0000000100000000)
  eden space 135168K, 0% used [0x00000000e0000000,0x00000000e0000000,0x00000000e8400000)
  from space 9728K, 99% used [0x00000000e8f00000,0x00000000e987d9c0,0x00000000e9880000)
  to   space 11264K, 0% used [0x00000000e8400000,0x00000000e8400000,0x00000000e8f00000)
 ParOldGen       total 52736K, used 7704K [0x00000000a0000000, 0x00000000a3380000, 0x00000000e0000000)
  object space 52736K, 14% used [0x00000000a0000000,0x00000000a0786180,0x00000000a3380000)
 Metaspace       used 34427K, capacity 35166K, committed 35416K, reserved 1079296K
  class space    used 4674K, capacity 4925K, committed 4992K, reserved 1048576K
}
Event: 13.988 GC heap before
{Heap before GC invocations=10 (full 2):
 PSYoungGen      total 144896K, used 9718K [0x00000000e0000000, 0x00000000ebb80000, 0x0000000100000000)
  eden space 135168K, 0% used [0x00000000e0000000,0x00000000e0000000,0x00000000e8400000)
  from space 9728K, 99% used [0x00000000e8f00000,0x00000000e987d9c0,0x00000000e9880000)
  to   space 11264K, 0% used [0x00000000e8400000,0x00000000e8400000,0x00000000e8f00000)
 ParOldGen       total 52736K, used 7704K [0x00000000a0000000, 0x00000000a3380000, 0x00000000e0000000)
  object space 52736K, 14% used [0x00000000a0000000,0x00000000a0786180,0x00000000a3380000)
 Metaspace       used 34427K, capacity 35166K, committed 35416K, reserved 1079296K
  class space    used 4674K, capacity 4925K, committed 4992K, reserved 1048576K
Event: 14.131 GC heap after
Heap after GC invocations=10 (full 2):
 PSYoungGen      total 144896K, used 0K [0x00000000e0000000, 0x00000000ebb80000, 0x0000000100000000)
  eden space 135168K, 0% used [0x00000000e0000000,0x00000000e0000000,0x00000000e8400000)
  from space 9728K, 0% used [0x00000000e8f00000,0x00000000e8f00000,0x00000000e9880000)
  to   space 11264K, 0% used [0x00000000e8400000,0x00000000e8400000,0x00000000e8f00000)
 ParOldGen       total 84480K, used 15953K [0x00000000a0000000, 0x00000000a5280000, 0x00000000e0000000)
  object space 84480K, 18% used [0x00000000a0000000,0x00000000a0f94618,0x00000000a5280000)
 Metaspace       used 34427K, capacity 35166K, committed 35416K, reserved 1079296K
  class space    used 4674K, capacity 4925K, committed 4992K, reserved 1048576K
}

