# JRE version: OpenJDK Runtime Environment (8.0_152-b01) (build 1.8.0_152-release-915-b01)
# Java VM: OpenJDK 64-Bit Server VM (25.152-b01 mixed mode windows-amd64 compressed oops)
Heap:
 PSYoungGen      total 108032K, used 49799K [0x00000000e0000000, 0x00000000e8300000, 0x0000000100000000)
  eden space 97792K, 40% used [0x00000000e0000000,0x00000000e26a8978,0x00000000e5f80000)
  from space 10240K, 99% used [0x00000000e5f80000,0x00000000e6979500,0x00000000e6980000)
  to   space 11776K, 0% used [0x00000000e7780000,0x00000000e7780000,0x00000000e8300000)
 ParOldGen       total 83456K, used 17984K [0x00000000a0000000, 0x00000000a5180000, 0x00000000e0000000)
  object space 83456K, 21% used [0x00000000a0000000,0x00000000a1190180,0x00000000a5180000)
 Metaspace       used 49603K, capacity 51163K, committed 51416K, reserved 1093632K
  class space    used 6651K, capacity 7053K, committed 7168K, reserved 1048576K
GC Heap History (10 events):
Event: 14.901 GC heap before
{Heap before GC invocations=9 (full 1):
 PSYoungGen      total 60416K, used 57719K [0x00000000e0000000, 0x00000000e5c80000, 0x0000000100000000)
  eden space 50688K, 100% used [0x00000000e0000000,0x00000000e3180000,0x00000000e3180000)
  from space 9728K, 72% used [0x00000000e3180000,0x00000000e385dcc8,0x00000000e3b00000)
  to   space 9728K, 0% used [0x00000000e5300000,0x00000000e5300000,0x00000000e5c80000)
 ParOldGen       total 51200K, used 7547K [0x00000000a0000000, 0x00000000a3200000, 0x00000000e0000000)
  object space 51200K, 14% used [0x00000000a0000000,0x00000000a075ef88,0x00000000a3200000)
 Metaspace       used 30197K, capacity 30768K, committed 30976K, reserved 1075200K
  class space    used 4118K, capacity 4323K, committed 4352K, reserved 1048576K
Event: 14.932 GC heap after
Heap after GC invocations=9 (full 1):
 PSYoungGen      total 84992K, used 7441K [0x00000000e0000000, 0x00000000e6200000, 0x0000000100000000)
  eden space 75264K, 0% used [0x00000000e0000000,0x00000000e0000000,0x00000000e4980000)
  from space 9728K, 76% used [0x00000000e5300000,0x00000000e5a445d0,0x00000000e5c80000)
  to   space 9728K, 0% used [0x00000000e4980000,0x00000000e4980000,0x00000000e5300000)
 ParOldGen       total 51200K, used 7619K [0x00000000a0000000, 0x00000000a3200000, 0x00000000e0000000)
  object space 51200K, 14% used [0x00000000a0000000,0x00000000a0770f98,0x00000000a3200000)
 Metaspace       used 30197K, capacity 30768K, committed 30976K, reserved 1075200K
  class space    used 4118K, capacity 4323K, committed 4352K, reserved 1048576K
}
Event: 19.854 GC heap before
{Heap before GC invocations=10 (full 1):
 PSYoungGen      total 84992K, used 69749K [0x00000000e0000000, 0x00000000e6200000, 0x0000000100000000)
  eden space 75264K, 82% used [0x00000000e0000000,0x00000000e3cd9210,0x00000000e4980000)
  from space 9728K, 76% used [0x00000000e5300000,0x00000000e5a445d0,0x00000000e5c80000)
  to   space 9728K, 0% used [0x00000000e4980000,0x00000000e4980000,0x00000000e5300000)
 ParOldGen       total 51200K, used 7619K [0x00000000a0000000, 0x00000000a3200000, 0x00000000e0000000)
  object space 51200K, 14% used [0x00000000a0000000,0x00000000a0770f98,0x00000000a3200000)
 Metaspace       used 34523K, capacity 35265K, committed 35416K, reserved 1079296K
  class space    used 4684K, capacity 4957K, committed 4992K, reserved 1048576K
Event: 19.882 GC heap after
Heap after GC invocations=10 (full 1):
 PSYoungGen      total 84992K, used 7971K [0x00000000e0000000, 0x00000000e7600000, 0x0000000100000000)
  eden space 75264K, 0% used [0x00000000e0000000,0x00000000e0000000,0x00000000e4980000)
  from space 9728K, 81% used [0x00000000e4980000,0x00000000e5148f80,0x00000000e5300000)
  to   space 10240K, 0% used [0x00000000e6c00000,0x00000000e6c00000,0x00000000e7600000)
 ParOldGen       total 51200K, used 9540K [0x00000000a0000000, 0x00000000a3200000, 0x00000000e0000000)
  object space 51200K, 18% used [0x00000000a0000000,0x00000000a0951008,0x00000000a3200000)
 Metaspace       used 34523K, capacity 35265K, committed 35416K, reserved 1079296K
  class space    used 4684K, capacity 4957K, committed 4992K, reserved 1048576K
}
Event: 19.882 GC heap before
{Heap before GC invocations=11 (full 2):
 PSYoungGen      total 84992K, used 7971K [0x00000000e0000000, 0x00000000e7600000, 0x0000000100000000)
  eden space 75264K, 0% used [0x00000000e0000000,0x00000000e0000000,0x00000000e4980000)
  from space 9728K, 81% used [0x00000000e4980000,0x00000000e5148f80,0x00000000e5300000)
  to   space 10240K, 0% used [0x00000000e6c00000,0x00000000e6c00000,0x00000000e7600000)
 ParOldGen       total 51200K, used 9540K [0x00000000a0000000, 0x00000000a3200000, 0x00000000e0000000)
  object space 51200K, 18% used [0x00000000a0000000,0x00000000a0951008,0x00000000a3200000)
 Metaspace       used 34523K, capacity 35265K, committed 35416K, reserved 1079296K
  class space    used 4684K, capacity 4957K, committed 4992K, reserved 1048576K
Event: 20.188 GC heap after
Heap after GC invocations=11 (full 2):
 PSYoungGen      total 84992K, used 0K [0x00000000e0000000, 0x00000000e7600000, 0x0000000100000000)
  eden space 75264K, 0% used [0x00000000e0000000,0x00000000e0000000,0x00000000e4980000)
  from space 9728K, 0% used [0x00000000e4980000,0x00000000e4980000,0x00000000e5300000)
  to   space 10240K, 0% used [0x00000000e6c00000,0x00000000e6c00000,0x00000000e7600000)
 ParOldGen       total 83456K, used 16069K [0x00000000a0000000, 0x00000000a5180000, 0x00000000e0000000)
  object space 83456K, 19% used [0x00000000a0000000,0x00000000a0fb15b8,0x00000000a5180000)
 Metaspace       used 34523K, capacity 35265K, committed 35416K, reserved 1079296K
  class space    used 4684K, capacity 4957K, committed 4992K, reserved 1048576K
}
Event: 24.986 GC heap before
{Heap before GC invocations=12 (full 2):
 PSYoungGen      total 84992K, used 75264K [0x00000000e0000000, 0x00000000e7600000, 0x0000000100000000)
  eden space 75264K, 100% used [0x00000000e0000000,0x00000000e4980000,0x00000000e4980000)
  from space 9728K, 0% used [0x00000000e4980000,0x00000000e4980000,0x00000000e5300000)
  to   space 10240K, 0% used [0x00000000e6c00000,0x00000000e6c00000,0x00000000e7600000)
 ParOldGen       total 83456K, used 16069K [0x00000000a0000000, 0x00000000a5180000, 0x00000000e0000000)
  object space 83456K, 19% used [0x00000000a0000000,0x00000000a0fb15b8,0x00000000a5180000)
 Metaspace       used 40680K, capacity 41563K, committed 42072K, reserved 1085440K
  class space    used 5393K, capacity 5678K, committed 5760K, reserved 1048576K
Event: 25.016 GC heap after
Heap after GC invocations=12 (full 2):
 PSYoungGen      total 99328K, used 7192K [0x00000000e0000000, 0x00000000e7380000, 0x0000000100000000)
  eden space 91648K, 0% used [0x00000000e0000000,0x00000000e0000000,0x00000000e5980000)
  from space 7680K, 93% used [0x00000000e6c00000,0x00000000e7306248,0x00000000e7380000)
  to   space 10240K, 0% used [0x00000000e5f80000,0x00000000e5f80000,0x00000000e6980000)
 ParOldGen       total 83456K, used 16077K [0x00000000a0000000, 0x00000000a5180000, 0x00000000e0000000)
  object space 83456K, 19% used [0x00000000a0000000,0x00000000a0fb35b8,0x00000000a5180000)
 Metaspace       used 40680K, capacity 41563K, committed 42072K, reserved 1085440K
  class space    used 5393K, capacity 5678K, committed 5760K, reserved 1048576K
}
Event: 29.282 GC heap before
{Heap before GC invocations=13 (full 2):
 PSYoungGen      total 99328K, used 98840K [0x00000000e0000000, 0x00000000e7380000, 0x0000000100000000)
  eden space 91648K, 100% used [0x00000000e0000000,0x00000000e5980000,0x00000000e5980000)
  from space 7680K, 93% used [0x00000000e6c00000,0x00000000e7306248,0x00000000e7380000)
  to   space 10240K, 0% used [0x00000000e5f80000,0x00000000e5f80000,0x00000000e6980000)
 ParOldGen       total 83456K, used 16077K [0x00000000a0000000, 0x00000000a5180000, 0x00000000e0000000)
  object space 83456K, 19% used [0x00000000a0000000,0x00000000a0fb35b8,0x00000000a5180000)
 Metaspace       used 46405K, capacity 47463K, committed 47704K, reserved 1091584K
  class space    used 6185K, capacity 6517K, committed 6528K, reserved 1048576K
Event: 29.315 GC heap after
Heap after GC invocations=13 (full 2):
 PSYoungGen      total 108032K, used 10213K [0x00000000e0000000, 0x00000000e8300000, 0x0000000100000000)
  eden space 97792K, 0% used [0x00000000e0000000,0x00000000e0000000,0x00000000e5f80000)
  from space 10240K, 99% used [0x00000000e5f80000,0x00000000e6979500,0x00000000e6980000)
  to   space 11776K, 0% used [0x00000000e7780000,0x00000000e7780000,0x00000000e8300000)
 ParOldGen       total 83456K, used 17984K [0x00000000a0000000, 0x00000000a5180000, 0x00000000e0000000)
  object space 83456K, 21% used [0x00000000a0000000,0x00000000a1190180,0x00000000a5180000)
 Metaspace       used 46405K, capacity 47463K, committed 47704K, reserved 1091584K
  class space    used 6185K, capacity 6517K, committed 6528K, reserved 1048576K
}

