# JRE version: OpenJDK Runtime Environment (8.0_152-b01) (build 1.8.0_152-release-915-b01)
# Java VM: OpenJDK 64-Bit Server VM (25.152-b01 mixed mode windows-amd64 compressed oops)
Heap:
 PSYoungGen      total 82432K, used 1123K [0x00000000e0000000, 0x00000000e5d00000, 0x0000000100000000)
  eden space 74752K, 0% used [0x00000000e0000000,0x00000000e0000000,0x00000000e4900000)
  from space 7680K, 14% used [0x00000000e5580000,0x00000000e5698dd0,0x00000000e5d00000)
  to   space 10240K, 0% used [0x00000000e4900000,0x00000000e4900000,0x00000000e5300000)
 ParOldGen       total 51200K, used 15236K [0x00000000a0000000, 0x00000000a3200000, 0x00000000e0000000)
  object space 51200K, 29% used [0x00000000a0000000,0x00000000a0ee1340,0x00000000a3200000)
 Metaspace       used 35679K, capacity 36364K, committed 36568K, reserved 1085440K
  class space    used 4833K, capacity 5068K, committed 5080K, reserved 1048576K
GC Heap History (10 events):
Event: 11.673 GC heap before
{Heap before GC invocations=7 (full 1):
 PSYoungGen      total 61952K, used 57344K [0x00000000e0000000, 0x00000000e4100000, 0x0000000100000000)
  eden space 57344K, 100% used [0x00000000e0000000,0x00000000e3800000,0x00000000e3800000)
  from space 4608K, 0% used [0x00000000e3800000,0x00000000e3800000,0x00000000e3c80000)
  to   space 4608K, 0% used [0x00000000e3c80000,0x00000000e3c80000,0x00000000e4100000)
 ParOldGen       total 51200K, used 7439K [0x00000000a0000000, 0x00000000a3200000, 0x00000000e0000000)
  object space 51200K, 14% used [0x00000000a0000000,0x00000000a0743fd8,0x00000000a3200000)
 Metaspace       used 24886K, capacity 25504K, committed 25728K, reserved 1071104K
  class space    used 3449K, capacity 3637K, committed 3712K, reserved 1048576K
Event: 11.689 GC heap after
Heap after GC invocations=7 (full 1):
 PSYoungGen      total 61952K, used 4607K [0x00000000e0000000, 0x00000000e4100000, 0x0000000100000000)
  eden space 57344K, 0% used [0x00000000e0000000,0x00000000e0000000,0x00000000e3800000)
  from space 4608K, 99% used [0x00000000e3c80000,0x00000000e40ffd70,0x00000000e4100000)
  to   space 4608K, 0% used [0x00000000e3800000,0x00000000e3800000,0x00000000e3c80000)
 ParOldGen       total 51200K, used 9566K [0x00000000a0000000, 0x00000000a3200000, 0x00000000e0000000)
  object space 51200K, 18% used [0x00000000a0000000,0x00000000a09578f0,0x00000000a3200000)
 Metaspace       used 24886K, capacity 25504K, committed 25728K, reserved 1071104K
  class space    used 3449K, capacity 3637K, committed 3712K, reserved 1048576K
}
Event: 13.209 GC heap before
{Heap before GC invocations=8 (full 1):
 PSYoungGen      total 61952K, used 61951K [0x00000000e0000000, 0x00000000e4100000, 0x0000000100000000)
  eden space 57344K, 100% used [0x00000000e0000000,0x00000000e3800000,0x00000000e3800000)
  from space 4608K, 99% used [0x00000000e3c80000,0x00000000e40ffd70,0x00000000e4100000)
  to   space 4608K, 0% used [0x00000000e3800000,0x00000000e3800000,0x00000000e3c80000)
 ParOldGen       total 51200K, used 9566K [0x00000000a0000000, 0x00000000a3200000, 0x00000000e0000000)
  object space 51200K, 18% used [0x00000000a0000000,0x00000000a09578f0,0x00000000a3200000)
 Metaspace       used 30090K, capacity 30704K, committed 30976K, reserved 1075200K
  class space    used 4111K, capacity 4323K, committed 4352K, reserved 1048576K
Event: 13.239 GC heap after
Heap after GC invocations=8 (full 1):
 PSYoungGen      total 61952K, used 4580K [0x00000000e0000000, 0x00000000e4100000, 0x0000000100000000)
  eden space 57344K, 0% used [0x00000000e0000000,0x00000000e0000000,0x00000000e3800000)
  from space 4608K, 99% used [0x00000000e3800000,0x00000000e3c79050,0x00000000e3c80000)
  to   space 4608K, 0% used [0x00000000e3c80000,0x00000000e3c80000,0x00000000e4100000)
 ParOldGen       total 51200K, used 13202K [0x00000000a0000000, 0x00000000a3200000, 0x00000000e0000000)
  object space 51200K, 25% used [0x00000000a0000000,0x00000000a0ce4ab8,0x00000000a3200000)
 Metaspace       used 30090K, capacity 30704K, committed 30976K, reserved 1075200K
  class space    used 4111K, capacity 4323K, committed 4352K, reserved 1048576K
}
Event: 15.089 GC heap before
{Heap before GC invocations=9 (full 1):
 PSYoungGen      total 61952K, used 61924K [0x00000000e0000000, 0x00000000e4100000, 0x0000000100000000)
  eden space 57344K, 100% used [0x00000000e0000000,0x00000000e3800000,0x00000000e3800000)
  from space 4608K, 99% used [0x00000000e3800000,0x00000000e3c79050,0x00000000e3c80000)
  to   space 4608K, 0% used [0x00000000e3c80000,0x00000000e3c80000,0x00000000e4100000)
 ParOldGen       total 51200K, used 13202K [0x00000000a0000000, 0x00000000a3200000, 0x00000000e0000000)
  object space 51200K, 25% used [0x00000000a0000000,0x00000000a0ce4ab8,0x00000000a3200000)
 Metaspace       used 31334K, capacity 31926K, committed 32128K, reserved 1077248K
  class space    used 4261K, capacity 4432K, committed 4480K, reserved 1048576K
Event: 15.104 GC heap after
Heap after GC invocations=9 (full 1):
 PSYoungGen      total 61952K, used 4608K [0x00000000e0000000, 0x00000000e4100000, 0x0000000100000000)
  eden space 57344K, 0% used [0x00000000e0000000,0x00000000e0000000,0x00000000e3800000)
  from space 4608K, 100% used [0x00000000e3c80000,0x00000000e4100000,0x00000000e4100000)
  to   space 4608K, 0% used [0x00000000e3800000,0x00000000e3800000,0x00000000e3c80000)
 ParOldGen       total 51200K, used 15465K [0x00000000a0000000, 0x00000000a3200000, 0x00000000e0000000)
  object space 51200K, 30% used [0x00000000a0000000,0x00000000a0f1a630,0x00000000a3200000)
 Metaspace       used 31334K, capacity 31926K, committed 32128K, reserved 1077248K
  class space    used 4261K, capacity 4432K, committed 4480K, reserved 1048576K
}
Event: 15.666 GC heap before
{Heap before GC invocations=10 (full 1):
 PSYoungGen      total 61952K, used 20497K [0x00000000e0000000, 0x00000000e4100000, 0x0000000100000000)
  eden space 57344K, 27% used [0x00000000e0000000,0x00000000e0f84610,0x00000000e3800000)
  from space 4608K, 100% used [0x00000000e3c80000,0x00000000e4100000,0x00000000e4100000)
  to   space 4608K, 0% used [0x00000000e3800000,0x00000000e3800000,0x00000000e3c80000)
 ParOldGen       total 51200K, used 15465K [0x00000000a0000000, 0x00000000a3200000, 0x00000000e0000000)
  object space 51200K, 30% used [0x00000000a0000000,0x00000000a0f1a630,0x00000000a3200000)
 Metaspace       used 34508K, capacity 35230K, committed 35416K, reserved 1079296K
  class space    used 4682K, capacity 4925K, committed 4952K, reserved 1048576K
Event: 15.680 GC heap after
Heap after GC invocations=10 (full 1):
 PSYoungGen      total 61952K, used 4585K [0x00000000e0000000, 0x00000000e5e80000, 0x0000000100000000)
  eden space 57344K, 0% used [0x00000000e0000000,0x00000000e0000000,0x00000000e3800000)
  from space 4608K, 99% used [0x00000000e3800000,0x00000000e3c7a630,0x00000000e3c80000)
  to   space 9216K, 0% used [0x00000000e5580000,0x00000000e5580000,0x00000000e5e80000)
 ParOldGen       total 51200K, used 17967K [0x00000000a0000000, 0x00000000a3200000, 0x00000000e0000000)
  object space 51200K, 35% used [0x00000000a0000000,0x00000000a118bd50,0x00000000a3200000)
 Metaspace       used 34508K, capacity 35230K, committed 35416K, reserved 1079296K
  class space    used 4682K, capacity 4925K, committed 4952K, reserved 1048576K
}
Event: 15.680 GC heap before
{Heap before GC invocations=11 (full 2):
 PSYoungGen      total 61952K, used 4585K [0x00000000e0000000, 0x00000000e5e80000, 0x0000000100000000)
  eden space 57344K, 0% used [0x00000000e0000000,0x00000000e0000000,0x00000000e3800000)
  from space 4608K, 99% used [0x00000000e3800000,0x00000000e3c7a630,0x00000000e3c80000)
  to   space 9216K, 0% used [0x00000000e5580000,0x00000000e5580000,0x00000000e5e80000)
 ParOldGen       total 51200K, used 17967K [0x00000000a0000000, 0x00000000a3200000, 0x00000000e0000000)
  object space 51200K, 35% used [0x00000000a0000000,0x00000000a118bd50,0x00000000a3200000)
 Metaspace       used 34508K, capacity 35230K, committed 35416K, reserved 1079296K
  class space    used 4682K, capacity 4925K, committed 4952K, reserved 1048576K
Event: 15.833 GC heap after
Heap after GC invocations=11 (full 2):
 PSYoungGen      total 61952K, used 0K [0x00000000e0000000, 0x00000000e5e80000, 0x0000000100000000)
  eden space 57344K, 0% used [0x00000000e0000000,0x00000000e0000000,0x00000000e3800000)
  from space 4608K, 0% used [0x00000000e3800000,0x00000000e3800000,0x00000000e3c80000)
  to   space 9216K, 0% used [0x00000000e5580000,0x00000000e5580000,0x00000000e5e80000)
 ParOldGen       total 51200K, used 15236K [0x00000000a0000000, 0x00000000a3200000, 0x00000000e0000000)
  object space 51200K, 29% used [0x00000000a0000000,0x00000000a0ee1340,0x00000000a3200000)
 Metaspace       used 34508K, capacity 35230K, committed 35416K, reserved 1079296K
  class space    used 4682K, capacity 4925K, committed 4952K, reserved 1048576K
}

