# JRE version: OpenJDK Runtime Environment (8.0_152-b01) (build 1.8.0_152-release-915-b01)
# Java VM: OpenJDK 64-Bit Server VM (25.152-b01 mixed mode windows-amd64 compressed oops)
Heap:
 PSYoungGen      total 171008K, used 57184K [0x00000000e0000000, 0x00000000ecc00000, 0x0000000100000000)
  eden space 161280K, 35% used [0x00000000e0000000,0x00000000e37d8128,0x00000000e9d80000)
  from space 9728K, 0% used [0x00000000ea800000,0x00000000ea800000,0x00000000eb180000)
  to   space 10752K, 0% used [0x00000000e9d80000,0x00000000e9d80000,0x00000000ea800000)
 ParOldGen       total 76800K, used 15937K [0x00000000a0000000, 0x00000000a4b00000, 0x00000000e0000000)
  object space 76800K, 20% used [0x00000000a0000000,0x00000000a0f90740,0x00000000a4b00000)
 Metaspace       used 37827K, capacity 38568K, committed 38872K, reserved 1083392K
  class space    used 5065K, capacity 5336K, committed 5376K, reserved 1048576K
GC Heap History (10 events):
Event: 8.447 GC heap before
{Heap before GC invocations=6 (full 1):
 PSYoungGen      total 61952K, used 4600K [0x00000000e0000000, 0x00000000e8200000, 0x0000000100000000)
  eden space 57344K, 0% used [0x00000000e0000000,0x00000000e0000000,0x00000000e3800000)
  from space 4608K, 99% used [0x00000000e3800000,0x00000000e3c7e040,0x00000000e3c80000)
  to   space 9216K, 0% used [0x00000000e7900000,0x00000000e7900000,0x00000000e8200000)
 ParOldGen       total 76800K, used 8645K [0x00000000a0000000, 0x00000000a4b00000, 0x00000000e0000000)
  object space 76800K, 11% used [0x00000000a0000000,0x00000000a0871660,0x00000000a4b00000)
 Metaspace       used 20654K, capacity 21098K, committed 21248K, reserved 1067008K
  class space    used 2845K, capacity 3010K, committed 3072K, reserved 1048576K
Event: 8.530 GC heap after
Heap after GC invocations=6 (full 1):
 PSYoungGen      total 61952K, used 0K [0x00000000e0000000, 0x00000000e8200000, 0x0000000100000000)
  eden space 57344K, 0% used [0x00000000e0000000,0x00000000e0000000,0x00000000e3800000)
  from space 4608K, 0% used [0x00000000e3800000,0x00000000e3800000,0x00000000e3c80000)
  to   space 9216K, 0% used [0x00000000e7900000,0x00000000e7900000,0x00000000e8200000)
 ParOldGen       total 49152K, used 7465K [0x00000000a0000000, 0x00000000a3000000, 0x00000000e0000000)
  object space 49152K, 15% used [0x00000000a0000000,0x00000000a074a590,0x00000000a3000000)
 Metaspace       used 20654K, capacity 21098K, committed 21248K, reserved 1067008K
  class space    used 2845K, capacity 3010K, committed 3072K, reserved 1048576K
}
Event: 9.939 GC heap before
{Heap before GC invocations=7 (full 1):
 PSYoungGen      total 61952K, used 57344K [0x00000000e0000000, 0x00000000e8200000, 0x0000000100000000)
  eden space 57344K, 100% used [0x00000000e0000000,0x00000000e3800000,0x00000000e3800000)
  from space 4608K, 0% used [0x00000000e3800000,0x00000000e3800000,0x00000000e3c80000)
  to   space 9216K, 0% used [0x00000000e7900000,0x00000000e7900000,0x00000000e8200000)
 ParOldGen       total 49152K, used 7465K [0x00000000a0000000, 0x00000000a3000000, 0x00000000e0000000)
  object space 49152K, 15% used [0x00000000a0000000,0x00000000a074a590,0x00000000a3000000)
 Metaspace       used 24872K, capacity 25500K, committed 25728K, reserved 1071104K
  class space    used 3449K, capacity 3637K, committed 3712K, reserved 1048576K
Event: 9.964 GC heap after
Heap after GC invocations=7 (full 1):
 PSYoungGen      total 104448K, used 6677K [0x00000000e0000000, 0x00000000e8000000, 0x0000000100000000)
  eden space 97280K, 0% used [0x00000000e0000000,0x00000000e0000000,0x00000000e5f00000)
  from space 7168K, 93% used [0x00000000e7900000,0x00000000e7f85520,0x00000000e8000000)
  to   space 9216K, 0% used [0x00000000e6e00000,0x00000000e6e00000,0x00000000e7700000)
 ParOldGen       total 49152K, used 7473K [0x00000000a0000000, 0x00000000a3000000, 0x00000000e0000000)
  object space 49152K, 15% used [0x00000000a0000000,0x00000000a074c590,0x00000000a3000000)
 Metaspace       used 24872K, capacity 25500K, committed 25728K, reserved 1071104K
  class space    used 3449K, capacity 3637K, committed 3712K, reserved 1048576K
}
Event: 12.456 GC heap before
{Heap before GC invocations=8 (full 1):
 PSYoungGen      total 104448K, used 103957K [0x00000000e0000000, 0x00000000e8000000, 0x0000000100000000)
  eden space 97280K, 100% used [0x00000000e0000000,0x00000000e5f00000,0x00000000e5f00000)
  from space 7168K, 93% used [0x00000000e7900000,0x00000000e7f85520,0x00000000e8000000)
  to   space 9216K, 0% used [0x00000000e6e00000,0x00000000e6e00000,0x00000000e7700000)
 ParOldGen       total 49152K, used 7473K [0x00000000a0000000, 0x00000000a3000000, 0x00000000e0000000)
  object space 49152K, 15% used [0x00000000a0000000,0x00000000a074c590,0x00000000a3000000)
 Metaspace       used 30359K, capacity 30956K, committed 31232K, reserved 1077248K
  class space    used 4122K, capacity 4323K, committed 4352K, reserved 1048576K
Event: 12.484 GC heap after
Heap after GC invocations=8 (full 1):
 PSYoungGen      total 121856K, used 8647K [0x00000000e0000000, 0x00000000eb180000, 0x0000000100000000)
  eden space 112640K, 0% used [0x00000000e0000000,0x00000000e0000000,0x00000000e6e00000)
  from space 9216K, 93% used [0x00000000e6e00000,0x00000000e7671d18,0x00000000e7700000)
  to   space 9728K, 0% used [0x00000000ea800000,0x00000000ea800000,0x00000000eb180000)
 ParOldGen       total 49152K, used 7553K [0x00000000a0000000, 0x00000000a3000000, 0x00000000e0000000)
  object space 49152K, 15% used [0x00000000a0000000,0x00000000a07605a0,0x00000000a3000000)
 Metaspace       used 30359K, capacity 30956K, committed 31232K, reserved 1077248K
  class space    used 4122K, capacity 4323K, committed 4352K, reserved 1048576K
}
Event: 13.924 GC heap before
{Heap before GC invocations=9 (full 1):
 PSYoungGen      total 121856K, used 44577K [0x00000000e0000000, 0x00000000eb180000, 0x0000000100000000)
  eden space 112640K, 31% used [0x00000000e0000000,0x00000000e2316a40,0x00000000e6e00000)
  from space 9216K, 93% used [0x00000000e6e00000,0x00000000e7671d18,0x00000000e7700000)
  to   space 9728K, 0% used [0x00000000ea800000,0x00000000ea800000,0x00000000eb180000)
 ParOldGen       total 49152K, used 7553K [0x00000000a0000000, 0x00000000a3000000, 0x00000000e0000000)
  object space 49152K, 15% used [0x00000000a0000000,0x00000000a07605a0,0x00000000a3000000)
 Metaspace       used 34405K, capacity 35162K, committed 35416K, reserved 1079296K
  class space    used 4672K, capacity 4925K, committed 4992K, reserved 1048576K
Event: 13.951 GC heap after
Heap after GC invocations=9 (full 1):
 PSYoungGen      total 171008K, used 9717K [0x00000000e0000000, 0x00000000ecc00000, 0x0000000100000000)
  eden space 161280K, 0% used [0x00000000e0000000,0x00000000e0000000,0x00000000e9d80000)
  from space 9728K, 99% used [0x00000000ea800000,0x00000000eb17d638,0x00000000eb180000)
  to   space 10752K, 0% used [0x00000000e9d80000,0x00000000e9d80000,0x00000000ea800000)
 ParOldGen       total 49152K, used 7561K [0x00000000a0000000, 0x00000000a3000000, 0x00000000e0000000)
  object space 49152K, 15% used [0x00000000a0000000,0x00000000a07625a0,0x00000000a3000000)
 Metaspace       used 34405K, capacity 35162K, committed 35416K, reserved 1079296K
  class space    used 4672K, capacity 4925K, committed 4992K, reserved 1048576K
}
Event: 13.951 GC heap before
{Heap before GC invocations=10 (full 2):
 PSYoungGen      total 171008K, used 9717K [0x00000000e0000000, 0x00000000ecc00000, 0x0000000100000000)
  eden space 161280K, 0% used [0x00000000e0000000,0x00000000e0000000,0x00000000e9d80000)
  from space 9728K, 99% used [0x00000000ea800000,0x00000000eb17d638,0x00000000eb180000)
  to   space 10752K, 0% used [0x00000000e9d80000,0x00000000e9d80000,0x00000000ea800000)
 ParOldGen       total 49152K, used 7561K [0x00000000a0000000, 0x00000000a3000000, 0x00000000e0000000)
  object space 49152K, 15% used [0x00000000a0000000,0x00000000a07625a0,0x00000000a3000000)
 Metaspace       used 34405K, capacity 35162K, committed 35416K, reserved 1079296K
  class space    used 4672K, capacity 4925K, committed 4992K, reserved 1048576K
Event: 14.104 GC heap after
Heap after GC invocations=10 (full 2):
 PSYoungGen      total 171008K, used 0K [0x00000000e0000000, 0x00000000ecc00000, 0x0000000100000000)
  eden space 161280K, 0% used [0x00000000e0000000,0x00000000e0000000,0x00000000e9d80000)
  from space 9728K, 0% used [0x00000000ea800000,0x00000000ea800000,0x00000000eb180000)
  to   space 10752K, 0% used [0x00000000e9d80000,0x00000000e9d80000,0x00000000ea800000)
 ParOldGen       total 76800K, used 15937K [0x00000000a0000000, 0x00000000a4b00000, 0x00000000e0000000)
  object space 76800K, 20% used [0x00000000a0000000,0x00000000a0f90740,0x00000000a4b00000)
 Metaspace       used 34405K, capacity 35162K, committed 35416K, reserved 1079296K
  class space    used 4672K, capacity 4925K, committed 4992K, reserved 1048576K
}

