# JRE version: OpenJDK Runtime Environment (8.0_152-b01) (build 1.8.0_152-release-915-b01)
# Java VM: OpenJDK 64-Bit Server VM (25.152-b01 mixed mode windows-amd64 compressed oops)
Heap:
 PSYoungGen      total 186880K, used 113091K [0x00000000e0000000, 0x00000000ed080000, 0x0000000100000000)
  eden space 169984K, 56% used [0x00000000e0000000,0x00000000e5e697c0,0x00000000ea600000)
  from space 16896K, 97% used [0x00000000ec000000,0x00000000ed007588,0x00000000ed080000)
  to   space 20480K, 0% used [0x00000000ea880000,0x00000000ea880000,0x00000000ebc80000)
 ParOldGen       total 142848K, used 46786K [0x00000000a0000000, 0x00000000a8b80000, 0x00000000e0000000)
  object space 142848K, 32% used [0x00000000a0000000,0x00000000a2db0960,0x00000000a8b80000)
 Metaspace       used 71056K, capacity 75078K, committed 75284K, reserved 1114112K
  class space    used 9248K, capacity 10213K, committed 10260K, reserved 1048576K
GC Heap History (10 events):
Event: 38.025 GC heap before
{Heap before GC invocations=17 (full 3):
 PSYoungGen      total 171520K, used 2835K [0x00000000e0000000, 0x00000000ebb00000, 0x0000000100000000)
  eden space 154624K, 0% used [0x00000000e0000000,0x00000000e0000000,0x00000000e9700000)
  from space 16896K, 16% used [0x00000000eaa80000,0x00000000ead44d58,0x00000000ebb00000)
  to   space 18432K, 0% used [0x00000000e9700000,0x00000000e9700000,0x00000000ea900000)
 ParOldGen       total 81920K, used 52483K [0x00000000a0000000, 0x00000000a5000000, 0x00000000e0000000)
  object space 81920K, 64% used [0x00000000a0000000,0x00000000a3340f78,0x00000000a5000000)
 Metaspace       used 56629K, capacity 59002K, committed 59028K, reserved 1099776K
  class space    used 7728K, capacity 8339K, committed 8340K, reserved 1048576K
Event: 38.768 GC heap after
Heap after GC invocations=17 (full 3):
 PSYoungGen      total 171520K, used 0K [0x00000000e0000000, 0x00000000ebb00000, 0x0000000100000000)
  eden space 154624K, 0% used [0x00000000e0000000,0x00000000e0000000,0x00000000e9700000)
  from space 16896K, 0% used [0x00000000eaa80000,0x00000000eaa80000,0x00000000ebb00000)
  to   space 18432K, 0% used [0x00000000e9700000,0x00000000e9700000,0x00000000ea900000)
 ParOldGen       total 142848K, used 46735K [0x00000000a0000000, 0x00000000a8b80000, 0x00000000e0000000)
  object space 142848K, 32% used [0x00000000a0000000,0x00000000a2da3d10,0x00000000a8b80000)
 Metaspace       used 56629K, capacity 59002K, committed 59028K, reserved 1099776K
  class space    used 7728K, capacity 8339K, committed 8340K, reserved 1048576K
}
Event: 1017.754 GC heap before
{Heap before GC invocations=18 (full 3):
 PSYoungGen      total 171520K, used 154624K [0x00000000e0000000, 0x00000000ebb00000, 0x0000000100000000)
  eden space 154624K, 100% used [0x00000000e0000000,0x00000000e9700000,0x00000000e9700000)
  from space 16896K, 0% used [0x00000000eaa80000,0x00000000eaa80000,0x00000000ebb00000)
  to   space 18432K, 0% used [0x00000000e9700000,0x00000000e9700000,0x00000000ea900000)
 ParOldGen       total 142848K, used 46735K [0x00000000a0000000, 0x00000000a8b80000, 0x00000000e0000000)
  object space 142848K, 32% used [0x00000000a0000000,0x00000000a2da3d10,0x00000000a8b80000)
 Metaspace       used 61359K, capacity 64332K, committed 64532K, reserved 1105920K
  class space    used 8177K, capacity 8912K, committed 8980K, reserved 1048576K
Event: 1017.770 GC heap after
Heap after GC invocations=18 (full 3):
 PSYoungGen      total 173056K, used 7158K [0x00000000e0000000, 0x00000000eda00000, 0x0000000100000000)
  eden space 154624K, 0% used [0x00000000e0000000,0x00000000e0000000,0x00000000e9700000)
  from space 18432K, 38% used [0x00000000e9700000,0x00000000e9dfd8f8,0x00000000ea900000)
  to   space 17920K, 0% used [0x00000000ec880000,0x00000000ec880000,0x00000000eda00000)
 ParOldGen       total 142848K, used 46743K [0x00000000a0000000, 0x00000000a8b80000, 0x00000000e0000000)
  object space 142848K, 32% used [0x00000000a0000000,0x00000000a2da5d10,0x00000000a8b80000)
 Metaspace       used 61359K, capacity 64332K, committed 64532K, reserved 1105920K
  class space    used 8177K, capacity 8912K, committed 8980K, reserved 1048576K
}
Event: 9603.407 GC heap before
{Heap before GC invocations=19 (full 3):
 PSYoungGen      total 173056K, used 161782K [0x00000000e0000000, 0x00000000eda00000, 0x0000000100000000)
  eden space 154624K, 100% used [0x00000000e0000000,0x00000000e9700000,0x00000000e9700000)
  from space 18432K, 38% used [0x00000000e9700000,0x00000000e9dfd8f8,0x00000000ea900000)
  to   space 17920K, 0% used [0x00000000ec880000,0x00000000ec880000,0x00000000eda00000)
 ParOldGen       total 142848K, used 46743K [0x00000000a0000000, 0x00000000a8b80000, 0x00000000e0000000)
  object space 142848K, 32% used [0x00000000a0000000,0x00000000a2da5d10,0x00000000a8b80000)
 Metaspace       used 64342K, capacity 67468K, committed 67732K, reserved 1107968K
  class space    used 8482K, capacity 9264K, committed 9364K, reserved 1048576K
Event: 9603.445 GC heap after
Heap after GC invocations=19 (full 3):
 PSYoungGen      total 193024K, used 9958K [0x00000000e0000000, 0x00000000ed380000, 0x0000000100000000)
  eden space 181760K, 0% used [0x00000000e0000000,0x00000000e0000000,0x00000000eb180000)
  from space 11264K, 88% used [0x00000000ec880000,0x00000000ed239b28,0x00000000ed380000)
  to   space 17408K, 0% used [0x00000000eb180000,0x00000000eb180000,0x00000000ec280000)
 ParOldGen       total 142848K, used 46751K [0x00000000a0000000, 0x00000000a8b80000, 0x00000000e0000000)
  object space 142848K, 32% used [0x00000000a0000000,0x00000000a2da7d10,0x00000000a8b80000)
 Metaspace       used 64342K, capacity 67468K, committed 67732K, reserved 1107968K
  class space    used 8482K, capacity 9264K, committed 9364K, reserved 1048576K
}
Event: 9627.352 GC heap before
{Heap before GC invocations=20 (full 3):
 PSYoungGen      total 193024K, used 191718K [0x00000000e0000000, 0x00000000ed380000, 0x0000000100000000)
  eden space 181760K, 100% used [0x00000000e0000000,0x00000000eb180000,0x00000000eb180000)
  from space 11264K, 88% used [0x00000000ec880000,0x00000000ed239b28,0x00000000ed380000)
  to   space 17408K, 0% used [0x00000000eb180000,0x00000000eb180000,0x00000000ec280000)
 ParOldGen       total 142848K, used 46751K [0x00000000a0000000, 0x00000000a8b80000, 0x00000000e0000000)
  object space 142848K, 32% used [0x00000000a0000000,0x00000000a2da7d10,0x00000000a8b80000)
 Metaspace       used 68589K, capacity 72154K, committed 72468K, reserved 1112064K
  class space    used 8960K, capacity 9881K, committed 10004K, reserved 1048576K
Event: 9627.388 GC heap after
Heap after GC invocations=20 (full 3):
 PSYoungGen      total 190464K, used 14618K [0x00000000e0000000, 0x00000000ed080000, 0x0000000100000000)
  eden space 175616K, 0% used [0x00000000e0000000,0x00000000e0000000,0x00000000eab80000)
  from space 14848K, 98% used [0x00000000eb180000,0x00000000ebfc6810,0x00000000ec000000)
  to   space 16896K, 0% used [0x00000000ec000000,0x00000000ec000000,0x00000000ed080000)
 ParOldGen       total 142848K, used 46778K [0x00000000a0000000, 0x00000000a8b80000, 0x00000000e0000000)
  object space 142848K, 32% used [0x00000000a0000000,0x00000000a2dae960,0x00000000a8b80000)
 Metaspace       used 68589K, capacity 72154K, committed 72468K, reserved 1112064K
  class space    used 8960K, capacity 9881K, committed 10004K, reserved 1048576K
}
Event: 9979.666 GC heap before
{Heap before GC invocations=21 (full 3):
 PSYoungGen      total 190464K, used 190234K [0x00000000e0000000, 0x00000000ed080000, 0x0000000100000000)
  eden space 175616K, 100% used [0x00000000e0000000,0x00000000eab80000,0x00000000eab80000)
  from space 14848K, 98% used [0x00000000eb180000,0x00000000ebfc6810,0x00000000ec000000)
  to   space 16896K, 0% used [0x00000000ec000000,0x00000000ec000000,0x00000000ed080000)
 ParOldGen       total 142848K, used 46778K [0x00000000a0000000, 0x00000000a8b80000, 0x00000000e0000000)
  object space 142848K, 32% used [0x00000000a0000000,0x00000000a2dae960,0x00000000a8b80000)
 Metaspace       used 70570K, capacity 74496K, committed 74772K, reserved 1114112K
  class space    used 9206K, capacity 10164K, committed 10260K, reserved 1048576K
Event: 9979.717 GC heap after
Heap after GC invocations=21 (full 3):
 PSYoungGen      total 186880K, used 16413K [0x00000000e0000000, 0x00000000ed080000, 0x0000000100000000)
  eden space 169984K, 0% used [0x00000000e0000000,0x00000000e0000000,0x00000000ea600000)
  from space 16896K, 97% used [0x00000000ec000000,0x00000000ed007588,0x00000000ed080000)
  to   space 20480K, 0% used [0x00000000ea880000,0x00000000ea880000,0x00000000ebc80000)
 ParOldGen       total 142848K, used 46786K [0x00000000a0000000, 0x00000000a8b80000, 0x00000000e0000000)
  object space 142848K, 32% used [0x00000000a0000000,0x00000000a2db0960,0x00000000a8b80000)
 Metaspace       used 70570K, capacity 74496K, committed 74772K, reserved 1114112K
  class space    used 9206K, capacity 10164K, committed 10260K, reserved 1048576K
}

